<< CAP LS
<< NICK kooki
<< USER coding coding irc.undernet.org :coding
>> NOTICE AUTH :*** Looking up your hostname
>> NOTICE AUTH :*** Checking Ident
>> NOTICE AUTH :*** Couldn't look up your hostname
>> NOTICE AUTH :*** No ident response
>> PING :195343027
<< PONG :195343027
>> :Miami.FL.US.Undernet.Org 001 kooki :Welcome to the UnderNet IRC Network, kooki
<< MODE kooki +i
>> :Miami.FL.US.Undernet.Org 002 kooki :Your host is Miami.FL.US.Undernet.Org, running version u2.10.12.19
>> :Miami.FL.US.Undernet.Org 003 kooki :This server was created Fri Jan 14 2022 at 21:39:44 EST
>> :Miami.FL.US.Undernet.Org 004 kooki Miami.FL.US.Undernet.Org u2.10.12.19 diOoswkgx biklmnopstvrDdRcC bklov
>> :Miami.FL.US.Undernet.Org 005 kooki WHOX WALLCHOPS WALLVOICES USERIP CPRIVMSG CNOTICE SILENCE=25 MODES=6 MAXCHANNELS=40 MAXBANS=100 NICKLEN=12 :are supported by this server
>> :Miami.FL.US.Undernet.Org 005 kooki MAXNICKLEN=15 TOPICLEN=160 AWAYLEN=160 KICKLEN=160 CHANNELLEN=200 MAXCHANNELLEN=200 CHANTYPES=#& PREFIX=(ov)@+ STATUSMSG=@+ CHANMODES=b,k,l,imnpstrDdRcC CASEMAPPING=rfc1459 NETWORK=UnderNet :are supported by this server
>> :Miami.FL.US.Undernet.Org 251 kooki :There are 4145 users and 12477 invisible on 37 servers
>> :Miami.FL.US.Undernet.Org 252 kooki 55 :operator(s) online
>> :Miami.FL.US.Undernet.Org 253 kooki 11 :unknown connection(s)
>> :Miami.FL.US.Undernet.Org 254 kooki 5787 :channels formed
>> :Miami.FL.US.Undernet.Org 255 kooki :I have 1705 clients and 1 servers
>> :Miami.FL.US.Undernet.Org NOTICE kooki :Highest connection count: 2149 (2148 clients)
>> :Miami.FL.US.Undernet.Org 375 kooki :- Miami.FL.US.Undernet.Org Message of the Day - 
>> :Miami.FL.US.Undernet.Org 372 kooki :- 2022-8-20 12:48
>> :Miami.FL.US.Undernet.Org 372 kooki :- 
>> :Miami.FL.US.Undernet.Org 372 kooki :-         Miami.FL.US.Undernet.Org SPONSORED BY
>> :Miami.FL.US.Undernet.Org 372 kooki :-         .%%.......%%%%...%%%%%%..%%%%%%..%%%%%%..%%..%%..%%%%%...%%%%%%.
>> :Miami.FL.US.Undernet.Org 372 kooki :-         .%%......%%..%%....%%......%%......%%....%%..%%..%%..%%..%%.....
>> :Miami.FL.US.Undernet.Org 372 kooki :-         .%%......%%%%%%....%%......%%......%%....%%..%%..%%..%%..%%%%...
>> :Miami.FL.US.Undernet.Org 372 kooki :-         .%%......%%..%%....%%......%%......%%....%%..%%..%%..%%..%%.....
>> :Miami.FL.US.Undernet.Org 372 kooki :-         .%%%%%%..%%..%%....%%....%%%%%%....%%.....%%%%...%%%%%...%%%%%%.SH
>> :Miami.FL.US.Undernet.Org 372 kooki :-         ................................................................
>> :Miami.FL.US.Undernet.Org 372 kooki :-             - Dedicated Server / DDoS Protection / Cloud and MORE -
>> :Miami.FL.US.Undernet.Org 372 kooki :-                             - www.latitude.sh -
>> :Miami.FL.US.Undernet.Org 372 kooki :- 
>> :Miami.FL.US.Undernet.Org 372 kooki :-  Latitude.sh are a technology company committed to serving other companies with 
>> :Miami.FL.US.Undernet.Org 372 kooki :-  cutting-edge internet infrastructure products that helps make the internet 
>> :Miami.FL.US.Undernet.Org 372 kooki :-  faster and safer. Companies of all sizes use our platform to run their 
>> :Miami.FL.US.Undernet.Org 372 kooki :-  applications and manage their business.
>> :Miami.FL.US.Undernet.Org 372 kooki :- 
>> :Miami.FL.US.Undernet.Org 372 kooki :-  latitude provides powerful, rock-solid hardware and a software platform that 
>> :Miami.FL.US.Undernet.Org 372 kooki :-  delivers huge amounts of processing power and low latency at an unmatched level
>> :Miami.FL.US.Undernet.Org 372 kooki :-  of automation. We enable our clients to scale their systems as new needs arise,
>> :Miami.FL.US.Undernet.Org 372 kooki :-  always keeping in mind that our priority is to help them grow their businesses 
>> :Miami.FL.US.Undernet.Org 372 kooki :-  so that we can grow ours.
>> :Miami.FL.US.Undernet.Org 372 kooki :- 
>> :Miami.FL.US.Undernet.Org 372 kooki :-  That is why we only hire the very best people to operate our servers and to 
>> :Miami.FL.US.Undernet.Org 372 kooki :-  serve our customers. We work with dedicated teams to maximize our clients IT 
>> :Miami.FL.US.Undernet.Org 372 kooki :-  workloads, from initial setup to every minute moving forward. And even though 
>> :Miami.FL.US.Undernet.Org 372 kooki :-  our automation gives peace of mind to our clients, we make sure its always easy
>> :Miami.FL.US.Undernet.Org 372 kooki :-  to talk to someone.
>> :Miami.FL.US.Undernet.Org 372 kooki :-  
>> :Miami.FL.US.Undernet.Org 372 kooki :-  -------- Disclaimer -----------------------------------------------------
>> :Miami.FL.US.Undernet.Org 372 kooki :- 
>> :Miami.FL.US.Undernet.Org 372 kooki :-      The use of this server & network is a privilege, not a right.
>> :Miami.FL.US.Undernet.Org 372 kooki :-      The network operators may deny network access to anyone,
>> :Miami.FL.US.Undernet.Org 372 kooki :-      for any reason, at their sole discretion.
>> :Miami.FL.US.Undernet.Org 372 kooki :- 
>> :Miami.FL.US.Undernet.Org 372 kooki :-  -------- Server Guidelines ----------------------------------------------
>> :Miami.FL.US.Undernet.Org 372 kooki :- 
>> :Miami.FL.US.Undernet.Org 372 kooki :-     o No flooding channels, users, staff members, or spamming.
>> :Miami.FL.US.Undernet.Org 372 kooki :-     o No distribution of copyrighted material or pornography.
>> :Miami.FL.US.Undernet.Org 372 kooki :-     o No clones.
>> :Miami.FL.US.Undernet.Org 372 kooki :-     o No channel takeovers.
>> :Miami.FL.US.Undernet.Org 372 kooki :-     o No attempts to disrupt network services.
>> :Miami.FL.US.Undernet.Org 372 kooki :-     o No spamming and/or advertising.
>> :Miami.FL.US.Undernet.Org 372 kooki :-     o No advertising other IRC networks
>> :Miami.FL.US.Undernet.Org 372 kooki :- 
>> :Miami.FL.US.Undernet.Org 372 kooki :-  -------- Useful Channels ------------------------------------------------
>> :Miami.FL.US.Undernet.Org 372 kooki :-  
>> :Miami.FL.US.Undernet.Org 372 kooki :-      #latitude	: Our sponsor channel
>> :Miami.FL.US.Undernet.Org 372 kooki :-      #CService	: Official X Help Channel
>> :Miami.FL.US.Undernet.Org 372 kooki :-      #Usernames : Usernames Help Channel
>> :Miami.FL.US.Undernet.Org 372 kooki :-      #Help	: General IRC Questions / IRC Operator Assistance
>> :Miami.FL.US.Undernet.Org 372 kooki :-      #Undernet	: User-Com Chat Channel
>> :Miami.FL.US.Undernet.Org 372 kooki :-      #zT	: Help relating opless channel.
>> :Miami.FL.US.Undernet.Org 372 kooki :- 
>> :Miami.FL.US.Undernet.Org 372 kooki :-      For Information regarding G-Lines / K-lines email abuse@undernet.org
>> :Miami.FL.US.Undernet.Org 372 kooki :- 
>> :Miami.FL.US.Undernet.Org 372 kooki :-  -------- Useful Website ------------------------------------------------
>> :Miami.FL.US.Undernet.Org 372 kooki :- 
>> :Miami.FL.US.Undernet.Org 372 kooki :-    o Official Website: http://www.undernet.org
>> :Miami.FL.US.Undernet.Org 372 kooki :-    o Users Committee: http://www.user-com.undernet.org/
>> :Miami.FL.US.Undernet.Org 372 kooki :-    o Channel Services: http://cservice.undernet.org
>> :Miami.FL.US.Undernet.Org 376 kooki :End of /MOTD command.
>> :Miami.FL.US.Undernet.Org NOTICE kooki :on 1 ca 1(4) ft 10(10)
>> :kooki!~coding@5.195.225.158 MODE kooki :+i
<< PING Miami.FL.US.Undernet.Org
>> :Miami.FL.US.Undernet.Org PONG Miami.FL.US.Undernet.Org :Miami.FL.US.Undernet.Org
--> lag pong
<< JOIN #heyyy
>> :kooki!~coding@5.195.225.158 JOIN #heyyy
>> :Miami.FL.US.Undernet.Org 353 kooki = #heyyy :@kooki
>> :Miami.FL.US.Undernet.Org 366 kooki #heyyy :End of /NAMES list.
<< MODE #heyyy
>> :Miami.FL.US.Undernet.Org 324 kooki #heyyy + 
--> chanquery mode
<< WHO #heyyy
>> :Miami.FL.US.Undernet.Org 329 kooki #heyyy 1690488161
--> event 329
>> :Miami.FL.US.Undernet.Org 352 kooki #heyyy ~coding 5.195.225.158 *.undernet.org kooki H@ :0 coding
--> silent event who
>> :Miami.FL.US.Undernet.Org 315 kooki #heyyy :End of /WHO list.
--> chanquery who end
<< MODE #heyyy b
>> :Miami.FL.US.Undernet.Org 368 kooki #heyyy :End of Channel Ban List
--> chanquery ban end
>> :clientt!~coding@5.195.225.158 JOIN #heyyy
<< PING Miami.FL.US.Undernet.Org
>> :Miami.FL.US.Undernet.Org PONG Miami.FL.US.Undernet.Org :Miami.FL.US.Undernet.Org
--> lag pong
<< KICK #heyyy clientt :
>> :kooki!~coding@5.195.225.158 KICK #heyyy clientt :kooki
<< CAP LS
<< NICK kooki
<< USER coding coding irc.undernet.org :coding
>> NOTICE AUTH :*** Looking up your hostname
>> NOTICE AUTH :*** Checking Ident
>> NOTICE AUTH :*** Couldn't look up your hostname
>> NOTICE AUTH :*** No ident response
>> PING :195343027
<< PONG :195343027
>> :Miami.FL.US.Undernet.Org 001 kooki :Welcome to the UnderNet IRC Network, kooki
<< MODE kooki +i
>> :Miami.FL.US.Undernet.Org 002 kooki :Your host is Miami.FL.US.Undernet.Org, running version u2.10.12.19
>> :Miami.FL.US.Undernet.Org 003 kooki :This server was created Fri Jan 14 2022 at 21:39:44 EST
>> :Miami.FL.US.Undernet.Org 004 kooki Miami.FL.US.Undernet.Org u2.10.12.19 diOoswkgx biklmnopstvrDdRcC bklov
>> :Miami.FL.US.Undernet.Org 005 kooki WHOX WALLCHOPS WALLVOICES USERIP CPRIVMSG CNOTICE SILENCE=25 MODES=6 MAXCHANNELS=40 MAXBANS=100 NICKLEN=12 :are supported by this server
>> :Miami.FL.US.Undernet.Org 005 kooki MAXNICKLEN=15 TOPICLEN=160 AWAYLEN=160 KICKLEN=160 CHANNELLEN=200 MAXCHANNELLEN=200 CHANTYPES=#& PREFIX=(ov)@+ STATUSMSG=@+ CHANMODES=b,k,l,imnpstrDdRcC CASEMAPPING=rfc1459 NETWORK=UnderNet :are supported by this server
>> :Miami.FL.US.Undernet.Org 251 kooki :There are 4145 users and 12477 invisible on 37 servers
>> :Miami.FL.US.Undernet.Org 252 kooki 55 :operator(s) online
>> :Miami.FL.US.Undernet.Org 253 kooki 11 :unknown connection(s)
>> :Miami.FL.US.Undernet.Org 254 kooki 5787 :channels formed
>> :Miami.FL.US.Undernet.Org 255 kooki :I have 1705 clients and 1 servers
>> :Miami.FL.US.Undernet.Org NOTICE kooki :Highest connection count: 2149 (2148 clients)
>> :Miami.FL.US.Undernet.Org 375 kooki :- Miami.FL.US.Undernet.Org Message of the Day - 
>> :Miami.FL.US.Undernet.Org 372 kooki :- 2022-8-20 12:48
>> :Miami.FL.US.Undernet.Org 372 kooki :- 
>> :Miami.FL.US.Undernet.Org 372 kooki :-         Miami.FL.US.Undernet.Org SPONSORED BY
>> :Miami.FL.US.Undernet.Org 372 kooki :-         .%%.......%%%%...%%%%%%..%%%%%%..%%%%%%..%%..%%..%%%%%...%%%%%%.
>> :Miami.FL.US.Undernet.Org 372 kooki :-         .%%......%%..%%....%%......%%......%%....%%..%%..%%..%%..%%.....
>> :Miami.FL.US.Undernet.Org 372 kooki :-         .%%......%%%%%%....%%......%%......%%....%%..%%..%%..%%..%%%%...
>> :Miami.FL.US.Undernet.Org 372 kooki :-         .%%......%%..%%....%%......%%......%%....%%..%%..%%..%%..%%.....
>> :Miami.FL.US.Undernet.Org 372 kooki :-         .%%%%%%..%%..%%....%%....%%%%%%....%%.....%%%%...%%%%%...%%%%%%.SH
>> :Miami.FL.US.Undernet.Org 372 kooki :-         ................................................................
>> :Miami.FL.US.Undernet.Org 372 kooki :-             - Dedicated Server / DDoS Protection / Cloud and MORE -
>> :Miami.FL.US.Undernet.Org 372 kooki :-                             - www.latitude.sh -
>> :Miami.FL.US.Undernet.Org 372 kooki :- 
>> :Miami.FL.US.Undernet.Org 372 kooki :-  Latitude.sh are a technology company committed to serving other companies with 
>> :Miami.FL.US.Undernet.Org 372 kooki :-  cutting-edge internet infrastructure products that helps make the internet 
>> :Miami.FL.US.Undernet.Org 372 kooki :-  faster and safer. Companies of all sizes use our platform to run their 
>> :Miami.FL.US.Undernet.Org 372 kooki :-  applications and manage their business.
>> :Miami.FL.US.Undernet.Org 372 kooki :- 
>> :Miami.FL.US.Undernet.Org 372 kooki :-  latitude provides powerful, rock-solid hardware and a software platform that 
>> :Miami.FL.US.Undernet.Org 372 kooki :-  delivers huge amounts of processing power and low latency at an unmatched level
>> :Miami.FL.US.Undernet.Org 372 kooki :-  of automation. We enable our clients to scale their systems as new needs arise,
>> :Miami.FL.US.Undernet.Org 372 kooki :-  always keeping in mind that our priority is to help them grow their businesses 
>> :Miami.FL.US.Undernet.Org 372 kooki :-  so that we can grow ours.
>> :Miami.FL.US.Undernet.Org 372 kooki :- 
>> :Miami.FL.US.Undernet.Org 372 kooki :-  That is why we only hire the very best people to operate our servers and to 
>> :Miami.FL.US.Undernet.Org 372 kooki :-  serve our customers. We work with dedicated teams to maximize our clients IT 
>> :Miami.FL.US.Undernet.Org 372 kooki :-  workloads, from initial setup to every minute moving forward. And even though 
>> :Miami.FL.US.Undernet.Org 372 kooki :-  our automation gives peace of mind to our clients, we make sure its always easy
>> :Miami.FL.US.Undernet.Org 372 kooki :-  to talk to someone.
>> :Miami.FL.US.Undernet.Org 372 kooki :-  
>> :Miami.FL.US.Undernet.Org 372 kooki :-  -------- Disclaimer -----------------------------------------------------
>> :Miami.FL.US.Undernet.Org 372 kooki :- 
>> :Miami.FL.US.Undernet.Org 372 kooki :-      The use of this server & network is a privilege, not a right.
>> :Miami.FL.US.Undernet.Org 372 kooki :-      The network operators may deny network access to anyone,
>> :Miami.FL.US.Undernet.Org 372 kooki :-      for any reason, at their sole discretion.
>> :Miami.FL.US.Undernet.Org 372 kooki :- 
>> :Miami.FL.US.Undernet.Org 372 kooki :-  -------- Server Guidelines ----------------------------------------------
>> :Miami.FL.US.Undernet.Org 372 kooki :- 
>> :Miami.FL.US.Undernet.Org 372 kooki :-     o No flooding channels, users, staff members, or spamming.
>> :Miami.FL.US.Undernet.Org 372 kooki :-     o No distribution of copyrighted material or pornography.
>> :Miami.FL.US.Undernet.Org 372 kooki :-     o No clones.
>> :Miami.FL.US.Undernet.Org 372 kooki :-     o No channel takeovers.
>> :Miami.FL.US.Undernet.Org 372 kooki :-     o No attempts to disrupt network services.
>> :Miami.FL.US.Undernet.Org 372 kooki :-     o No spamming and/or advertising.
>> :Miami.FL.US.Undernet.Org 372 kooki :-     o No advertising other IRC networks
>> :Miami.FL.US.Undernet.Org 372 kooki :- 
>> :Miami.FL.US.Undernet.Org 372 kooki :-  -------- Useful Channels ------------------------------------------------
>> :Miami.FL.US.Undernet.Org 372 kooki :-  
>> :Miami.FL.US.Undernet.Org 372 kooki :-      #latitude	: Our sponsor channel
>> :Miami.FL.US.Undernet.Org 372 kooki :-      #CService	: Official X Help Channel
>> :Miami.FL.US.Undernet.Org 372 kooki :-      #Usernames : Usernames Help Channel
>> :Miami.FL.US.Undernet.Org 372 kooki :-      #Help	: General IRC Questions / IRC Operator Assistance
>> :Miami.FL.US.Undernet.Org 372 kooki :-      #Undernet	: User-Com Chat Channel
>> :Miami.FL.US.Undernet.Org 372 kooki :-      #zT	: Help relating opless channel.
>> :Miami.FL.US.Undernet.Org 372 kooki :- 
>> :Miami.FL.US.Undernet.Org 372 kooki :-      For Information regarding G-Lines / K-lines email abuse@undernet.org
>> :Miami.FL.US.Undernet.Org 372 kooki :- 
>> :Miami.FL.US.Undernet.Org 372 kooki :-  -------- Useful Website ------------------------------------------------
>> :Miami.FL.US.Undernet.Org 372 kooki :- 
>> :Miami.FL.US.Undernet.Org 372 kooki :-    o Official Website: http://www.undernet.org
>> :Miami.FL.US.Undernet.Org 372 kooki :-    o Users Committee: http://www.user-com.undernet.org/
>> :Miami.FL.US.Undernet.Org 372 kooki :-    o Channel Services: http://cservice.undernet.org
>> :Miami.FL.US.Undernet.Org 376 kooki :End of /MOTD command.
>> :Miami.FL.US.Undernet.Org NOTICE kooki :on 1 ca 1(4) ft 10(10)
>> :kooki!~coding@5.195.225.158 MODE kooki :+i
<< PING Miami.FL.US.Undernet.Org
>> :Miami.FL.US.Undernet.Org PONG Miami.FL.US.Undernet.Org :Miami.FL.US.Undernet.Org
--> lag pong
<< JOIN #heyyy
>> :kooki!~coding@5.195.225.158 JOIN #heyyy
>> :Miami.FL.US.Undernet.Org 353 kooki = #heyyy :@kooki
>> :Miami.FL.US.Undernet.Org 366 kooki #heyyy :End of /NAMES list.
<< MODE #heyyy
>> :Miami.FL.US.Undernet.Org 324 kooki #heyyy + 
--> chanquery mode
<< WHO #heyyy
>> :Miami.FL.US.Undernet.Org 329 kooki #heyyy 1690488161
--> event 329
>> :Miami.FL.US.Undernet.Org 352 kooki #heyyy ~coding 5.195.225.158 *.undernet.org kooki H@ :0 coding
--> silent event who
>> :Miami.FL.US.Undernet.Org 315 kooki #heyyy :End of /WHO list.
--> chanquery who end
<< MODE #heyyy b
>> :Miami.FL.US.Undernet.Org 368 kooki #heyyy :End of Channel Ban List
--> chanquery ban end
>> :clientt!~coding@5.195.225.158 JOIN #heyyy
<< PING Miami.FL.US.Undernet.Org
>> :Miami.FL.US.Undernet.Org PONG Miami.FL.US.Undernet.Org :Miami.FL.US.Undernet.Org
--> lag pong
<< KICK #heyyy clientt :
>> :kooki!~coding@5.195.225.158 KICK #heyyy clientt :kooki
<< PING Miami.FL.US.Undernet.Org
>> :Miami.FL.US.Undernet.Org PONG Miami.FL.US.Undernet.Org :Miami.FL.US.Undernet.Org
--> lag pong
<< PART #heyyy
>> :kooki!~coding@5.195.225.158 PART :#heyyy
