<< CAP LS
<< NICK coding
<< USER coding coding irc.undernet.org :coding
>> NOTICE AUTH :*** Looking up your hostname
>> NOTICE AUTH :*** Checking Ident
>> NOTICE AUTH :*** No ident response
>> PING :3331933042
<< PONG :3331933042
>> NOTICE AUTH :*** Couldn't look up your hostname
>> :LosAngeles.CA.US.Undernet.Org 001 coding :Welcome to the UnderNet IRC Network, coding
<< MODE coding +i
>> :LosAngeles.CA.US.Undernet.Org 002 coding :Your host is LosAngeles.CA.US.Undernet.Org, running version u2.10.12.19
>> :LosAngeles.CA.US.Undernet.Org 003 coding :This server was created Mon Nov 15 2021 at 08:04:09 PST
>> :LosAngeles.CA.US.Undernet.Org 004 coding LosAngeles.CA.US.Undernet.Org u2.10.12.19 diOoswkgx biklmnopstvrDdRcC bklov
>> :LosAngeles.CA.US.Undernet.Org 005 coding WHOX WALLCHOPS WALLVOICES USERIP CPRIVMSG CNOTICE SILENCE=25 MODES=6 MAXCHANNELS=40 MAXBANS=100 NICKLEN=12 :are supported by this server
>> :LosAngeles.CA.US.Undernet.Org 005 coding MAXNICKLEN=15 TOPICLEN=160 AWAYLEN=160 KICKLEN=160 CHANNELLEN=200 MAXCHANNELLEN=200 CHANTYPES=#& PREFIX=(ov)@+ STATUSMSG=@+ CHANMODES=b,k,l,imnpstrDdRcC CASEMAPPING=rfc1459 NETWORK=UnderNet :are supported by this server
>> :LosAngeles.CA.US.Undernet.Org 251 coding :There are 4147 users and 12476 invisible on 37 servers
>> :LosAngeles.CA.US.Undernet.Org 252 coding 55 :operator(s) online
>> :LosAngeles.CA.US.Undernet.Org 253 coding 16 :unknown connection(s)
>> :LosAngeles.CA.US.Undernet.Org 254 coding 5788 :channels formed
>> :LosAngeles.CA.US.Undernet.Org 255 coding :I have 826 clients and 1 servers
>> :LosAngeles.CA.US.Undernet.Org NOTICE coding :Highest connection count: 1250 (1249 clients)
>> :LosAngeles.CA.US.Undernet.Org 375 coding :- LosAngeles.CA.US.Undernet.Org Message of the Day - 
>> :LosAngeles.CA.US.Undernet.Org 372 coding :- 2020-2-13 4:05
>> :LosAngeles.CA.US.Undernet.Org 372 coding :- #################################################################
>> :LosAngeles.CA.US.Undernet.Org 372 coding :- #################################################################
>> :LosAngeles.CA.US.Undernet.Org 372 coding :- ##     ,--.                                                    ##
>> :LosAngeles.CA.US.Undernet.Org 372 coding :- ##     |  |    ,--,--.,--. ,--.,---. ,--.--.                   ##
>> :LosAngeles.CA.US.Undernet.Org 372 coding :- ##     |  |   ' ,-.  | \  '  /| .-. :|  .--'                   ##
>> :LosAngeles.CA.US.Undernet.Org 372 coding :- ##     |  '--.\ '-'  |  \   ' \   --.|  |                      ##
>> :LosAngeles.CA.US.Undernet.Org 372 coding :- ##     `-----' `--`--'.-'  /   `----'`--'                      ##
>> :LosAngeles.CA.US.Undernet.Org 372 coding :- ##                    `---'                                    ##
>> :LosAngeles.CA.US.Undernet.Org 372 coding :- ##                ,--.  ,--.               ,--.                ##
>> :LosAngeles.CA.US.Undernet.Org 372 coding :- ##                |  '--'  | ,---.  ,---.,-'  '-.              ##
>> :LosAngeles.CA.US.Undernet.Org 372 coding :- ##                |  .--.  || .-. |(  .-''-.  .-'              ##
>> :LosAngeles.CA.US.Undernet.Org 372 coding :- ##                |  |  |  |' '-' '.-'  `) |  |                ##
>> :LosAngeles.CA.US.Undernet.Org 372 coding :- ##                `--'  `--' `---' `----'  `--'                ##
>> :LosAngeles.CA.US.Undernet.Org 372 coding :- #################################################################
>> :LosAngeles.CA.US.Undernet.Org 372 coding :- #################################################################
>> :LosAngeles.CA.US.Undernet.Org 372 coding :- #                                                               #
>> :LosAngeles.CA.US.Undernet.Org 372 coding :- # LosAngeles.CA.US.Undernet.Org is sponsored by LayerHost       #
>> :LosAngeles.CA.US.Undernet.Org 372 coding :- #                                                               #
>> :LosAngeles.CA.US.Undernet.Org 372 coding :- # Looking for a Dedicated Server? WebHosting? Colocation? VPS?  #
>> :LosAngeles.CA.US.Undernet.Org 372 coding :- #                                                               #
>> :LosAngeles.CA.US.Undernet.Org 372 coding :- # Always Reliable and Always Online https://LayerHost.com       #
>> :LosAngeles.CA.US.Undernet.Org 372 coding :- #                                                               #
>> :LosAngeles.CA.US.Undernet.Org 372 coding :- # Why choose us?                                                #
>> :LosAngeles.CA.US.Undernet.Org 372 coding :- #                                                               #
>> :LosAngeles.CA.US.Undernet.Org 372 coding :- # - Stay Online 24/7 even under DDoS attack !                   #
>> :LosAngeles.CA.US.Undernet.Org 372 coding :- #   LayerHost is a leader in DDoS Mitigation                    #
>> :LosAngeles.CA.US.Undernet.Org 372 coding :- #                                                               #
>> :LosAngeles.CA.US.Undernet.Org 372 coding :- # - One of the best customer service, worth a try !             #
>> :LosAngeles.CA.US.Undernet.Org 372 coding :- #                                                               #
>> :LosAngeles.CA.US.Undernet.Org 372 coding :- # - Multiple Location -> LosAngeles -> Houston                  #
>> :LosAngeles.CA.US.Undernet.Org 372 coding :- #                                                               #
>> :LosAngeles.CA.US.Undernet.Org 372 coding :- # - We offer Unmetered server and DDoS protection at low price! #
>> :LosAngeles.CA.US.Undernet.Org 372 coding :- #                                                               #
>> :LosAngeles.CA.US.Undernet.Org 372 coding :- # - Please visit our website https://layerhost.com              #
>> :LosAngeles.CA.US.Undernet.Org 372 coding :- #                                                               #
>> :LosAngeles.CA.US.Undernet.Org 372 coding :- # - Any questions? Inquiry ?                                    #
>> :LosAngeles.CA.US.Undernet.Org 372 coding :- #  - support : support@layerhost.com                            #
>> :LosAngeles.CA.US.Undernet.Org 372 coding :- #  - sales: sales@layerhost.com                                 #
>> :LosAngeles.CA.US.Undernet.Org 372 coding :- #                                                               #
>> :LosAngeles.CA.US.Undernet.Org 372 coding :- # or by phone : +1-833-247-HOST (4678)                          #
>> :LosAngeles.CA.US.Undernet.Org 372 coding :- #                                                               #
>> :LosAngeles.CA.US.Undernet.Org 372 coding :- # - Follow us on IRC Channel #LayerHost                         #
>> :LosAngeles.CA.US.Undernet.Org 372 coding :- # - Follow us on FACEBOOK!                                      #
>> :LosAngeles.CA.US.Undernet.Org 372 coding :- #                                                               #
>> :LosAngeles.CA.US.Undernet.Org 372 coding :- # https://www.facebook.com/LayerHost-455322638276975            #
>> :LosAngeles.CA.US.Undernet.Org 372 coding :- #                                                               #
>> :LosAngeles.CA.US.Undernet.Org 372 coding :- #################################################################
>> :LosAngeles.CA.US.Undernet.Org 372 coding :- #################################################################
>> :LosAngeles.CA.US.Undernet.Org 372 coding :- 
>> :LosAngeles.CA.US.Undernet.Org 376 coding :End of /MOTD command.
>> :LosAngeles.CA.US.Undernet.Org NOTICE coding :on 2 ca 2(4) ft 10(10) tr
>> :coding!~coding@5.195.225.158 MODE coding :+i
<< PING LosAngeles.CA.US.Undernet.Org
>> :LosAngeles.CA.US.Undernet.Org PONG LosAngeles.CA.US.Undernet.Org :LosAngeles.CA.US.Undernet.Org
--> lag pong
<< NICK clientt
>> :coding!~coding@5.195.225.158 NICK :clientt
<< JOIN #heyyy
>> :clientt!~coding@5.195.225.158 JOIN #heyyy
>> :LosAngeles.CA.US.Undernet.Org 353 clientt = #heyyy :clientt @kooki
>> :LosAngeles.CA.US.Undernet.Org 366 clientt #heyyy :End of /NAMES list.
<< MODE #heyyy
>> :LosAngeles.CA.US.Undernet.Org 324 clientt #heyyy + 
--> chanquery mode
<< WHO #heyyy
>> :LosAngeles.CA.US.Undernet.Org 329 clientt #heyyy 1690488161
--> event 329
>> :LosAngeles.CA.US.Undernet.Org 352 clientt #heyyy ~coding 5.195.225.158 *.undernet.org clientt H :0 coding
--> silent event who
>> :LosAngeles.CA.US.Undernet.Org 352 clientt #heyyy ~coding 5.195.225.158 *.undernet.org kooki H@ :3 coding
--> silent event who
>> :LosAngeles.CA.US.Undernet.Org 315 clientt #heyyy :End of /WHO list.
--> chanquery who end
<< MODE #heyyy b
>> :LosAngeles.CA.US.Undernet.Org 368 clientt #heyyy :End of Channel Ban List
--> chanquery ban end
>> :kooki!~coding@5.195.225.158 KICK #heyyy clientt :kooki
<< PING LosAngeles.CA.US.Undernet.Org
>> :LosAngeles.CA.US.Undernet.Org PONG LosAngeles.CA.US.Undernet.Org :LosAngeles.CA.US.Undernet.Org
--> lag pong
