<< CAP LS
<< NICK omarelghamry
<< USER omarelghamry omarelghamry chat.freenode.net :ghamry
>> :*.freenode.net NOTICE * :*** Looking up your ident...
>> :*.freenode.net NOTICE * :*** Looking up your hostname...
>> :*.freenode.net NOTICE * :*** Could not resolve your hostname: Domain not found; using your IP address (5.195.225.158) instead.
>> :*.freenode.net CAP * LS :account-notify account-tag away-notify batch cap-notify chghost draft/relaymsg echo-message extended-join inspircd.org/poison inspircd.org/standard-replies invite-notify labeled-response message-tags multi-prefix sasl server-time setname userhost-in-names 
<< CAP REQ :multi-prefix
>> :*.freenode.net 433 * omarelghamry :Nickname is already in use.
<< NICK omarelgh1mry
>> :*.freenode.net CAP * ACK :multi-prefix
<< CAP END
>> :*.freenode.net 433 * omarelgh1mry :Nickname is already in use.
<< NICK omarelgh2mry
>> PING :SHKT@esulS
<< PONG :SHKT@esulS
>> :*.freenode.net NOTICE omarelgh2mry :*** Could not find your ident, using ~omarelgha instead.
>> :*.freenode.net 001 omarelgh2mry :Welcome to the freenode IRC Network omarelgh2mry!~omarelgha@5.195.225.158
>> :*.freenode.net 002 omarelgh2mry :Your host is *.freenode.net, running version InspIRCd-3
>> :*.freenode.net 003 omarelgh2mry :This server was created 09:22:41 Jun 22 2023
>> :*.freenode.net 004 omarelgh2mry *.freenode.net InspIRCd-3 BDHILRSTWcdghikorswxz ABCDEFIJKLMNOPQRSTUWXYZbcdefhijklmnoprstuvwz :BEFIJLWXYZbdefhjklovw
>> :*.freenode.net 005 omarelgh2mry ACCEPT=30 AWAYLEN=200 BOT=B CALLERID=g CASEMAPPING=ascii CHANLIMIT=#:20 CHANMODES=IXZbew,k,BEFJLWdfjl,ACDKMNOPQRSTUcimnprstuz CHANNELLEN=64 CHANTYPES=# ELIST=CMNTU ESILENCE=CcdiNnPpTtx EXCEPTS=e :are supported by this server
>> :*.freenode.net 005 omarelgh2mry EXTBAN=,ACNOQRSTUacjmnpruwz HOSTLEN=64 INVEX=I KEYLEN=32 KICKLEN=255 LINELEN=512 MAXLIST=I:100,X:100,b:100,e:100,w:100 MAXTARGETS=20 MODES=20 MONITOR=30 NAMELEN=128 NAMESX NETWORK=freenode :are supported by this server
>> :*.freenode.net 005 omarelgh2mry NICKLEN=30 PREFIX=(Yohv)!@%+ REMOVE SAFELIST SECURELIST=60 SILENCE=32 STATUSMSG=!@%+ TOPICLEN=390 UHNAMES USERIP USERLEN=10 USERMODES=,,s,BDHILRSTWcdghikorwxz VBANLIST :are supported by this server
>> :*.freenode.net 005 omarelgh2mry VLIST=b WATCH=32 WHOX :are supported by this server
>> :*.freenode.net 251 omarelgh2mry :There are 18 users and 8037 invisible on 9 servers
>> :*.freenode.net 252 omarelgh2mry 6 :operator(s) online
>> :*.freenode.net 253 omarelgh2mry 19 :unknown connections
>> :*.freenode.net 254 omarelgh2mry 11591 :channels formed
>> :*.freenode.net 255 omarelgh2mry :I have 2001 clients and 1 servers
>> :*.freenode.net 265 omarelgh2mry :Current local users: 2001  Max: 2149
>> :*.freenode.net 266 omarelgh2mry :Current global users: 8055  Max: 8393
>> :*.freenode.net 375 omarelgh2mry :*.freenode.net message of the day
>> :*.freenode.net 372 omarelgh2mry :  Hello, World!
>> :*.freenode.net 372 omarelgh2mry : 
>> :*.freenode.net 372 omarelgh2mry :  Welcome to the
>> :*.freenode.net 372 omarelgh2mry :          __                               _
>> :*.freenode.net 372 omarelgh2mry :         / _|_ __ ___  ___ _ __   ___   __| | ___
>> :*.freenode.net 372 omarelgh2mry :        | |_| '__/ _ \/ _ \ '_ \ / _ \ / _` |/ _ \
>> :*.freenode.net 372 omarelgh2mry :        |  _| | |  __/  __/ | | | (_) | (_| |  __/
>> :*.freenode.net 372 omarelgh2mry :        |_| |_|  \___|\___|_| |_|\___/ \__,_|\___|
>> :*.freenode.net 372 omarelgh2mry :                                   AUTONOMOUS ZONE
>> :*.freenode.net 372 omarelgh2mry : 
>> :*.freenode.net 372 omarelgh2mry :  Connect to us on:
>> :*.freenode.net 372 omarelgh2mry : 
>> :*.freenode.net 372 omarelgh2mry :  Hostname: irc.freenode.net / chat.freenode.net
>> :*.freenode.net 372 omarelgh2mry :  Plaintext: 6660-6669
>> :*.freenode.net 372 omarelgh2mry :  TLS/SSL: 6697,7000,7070
>> :*.freenode.net 372 omarelgh2mry :  Webchat: https://webchat.freenode.net
>> :*.freenode.net 372 omarelgh2mry : 
>> :*.freenode.net 372 omarelgh2mry :  By connecting to freenode you indicate that you have read and accept our
>> :*.freenode.net 372 omarelgh2mry :  policies and guidelines as set out on https://freenode.net and agree to
>> :*.freenode.net 372 omarelgh2mry :  be scanned for an open proxy.
>> :*.freenode.net 372 omarelgh2mry : 
>> :*.freenode.net 372 omarelgh2mry :  If you are looking for assistance, please try:
>> :*.freenode.net 372 omarelgh2mry : 
>> :*.freenode.net 372 omarelgh2mry :  #help                    - Help with general IRC and Services.
>> :*.freenode.net 372 omarelgh2mry :  #chanhelp                - Help with channels and channel services.
>> :*.freenode.net 372 omarelgh2mry :  #IRC                     - Help with the IRC.com by freenode app.
>> :*.freenode.net 372 omarelgh2mry : 
>> :*.freenode.net 372 omarelgh2mry :  Checkout some of our communities and services:
>> :*.freenode.net 372 omarelgh2mry : 
>> :*.freenode.net 372 omarelgh2mry :  #freenode-bbs            - BBS [https://bbs.freenode.net/]
>> :*.freenode.net 372 omarelgh2mry :  #freenode-bbs-discussion - BBS Discussion
>> :*.freenode.net 372 omarelgh2mry :  #freenode-jobs           - Jobs [https://jobs.freenode.net/]
>> :*.freenode.net 372 omarelgh2mry :  #freenode                - Chat about freenode.
>> :*.freenode.net 372 omarelgh2mry :  #anonchan                - Chat anonymously.
>> :*.freenode.net 372 omarelgh2mry : 
>> :*.freenode.net 372 omarelgh2mry :  Type /join #<channel>
>> :*.freenode.net 372 omarelgh2mry : 
>> :*.freenode.net 372 omarelgh2mry :  Thank you for using freenode!
>> :*.freenode.net 376 omarelgh2mry :End of message of the day.
>> :*.freenode.net 396 omarelgh2mry freenode-59e.p57.hdhqau.IP :is now your displayed host
>> :omarelgh2mry!~omarelgha@freenode-59e.p57.hdhqau.IP MODE omarelgh2mry :+wRix
>> :*.freenode.net NOTICE omarelgh2mry :*** You are connected to chat.freenode.net using TLS (SSL) cipher 'TLSv1.3-TLS_AES_256_GCM_SHA384'
<< MODE omarelgh2mry +i
<< WHOIS omarelghamry
>> :*.freenode.net 311 omarelgh2mry omarelghamry ~omarelgha freenode-59e.p57.hdhqau.IP * :ghamry
--> nickfind event whois
>> :*.freenode.net 319 omarelgh2mry omarelghamry :#1 
--> event empty
>> :*.freenode.net 312 omarelgh2mry omarelghamry *.freenode.net :freenode
--> event empty
>> :*.freenode.net 671 omarelgh2mry omarelghamry :is using a secure connection
--> event empty
>> :*.freenode.net 318 omarelgh2mry omarelghamry :End of /WHOIS list.
--> event empty
<< PING *.freenode.net
>> :*.freenode.net PONG *.freenode.net :*.freenode.net
--> lag pong
<< JOIN #1
>> :omarelgh2mry!~omarelgha@freenode-59e.p57.hdhqau.IP JOIN :#1
>> :*.freenode.net 353 omarelgh2mry = #1 :Di omarelgh2mry omarelghamry omarelgh1mry MAYRA1 Guest11325
>> :*.freenode.net 366 omarelgh2mry #1 :End of /NAMES list.
<< MODE #1
>> :*.freenode.net 324 omarelgh2mry #1 :+nt
--> chanquery mode
<< WHO #1
>> :*.freenode.net 329 omarelgh2mry #1 :1690171023
--> event 329
>> :*.freenode.net 352 omarelgh2mry #1 ~Thunderbi freenode-v95.vf7.9244om.IP *.freenode.net Di Gs :0 Di
--> silent event who
>> :*.freenode.net 352 omarelgh2mry #1 ~omarelgha freenode-59e.p57.hdhqau.IP *.freenode.net omarelgh2mry Hs :0 ghamry
--> silent event who
>> :*.freenode.net 352 omarelgh2mry #1 ~omarelgha freenode-59e.p57.hdhqau.IP *.freenode.net omarelghamry Hs :0 ghamry
--> silent event who
>> :*.freenode.net 352 omarelgh2mry #1 ~omarelgha freenode-59e.p57.hdhqau.IP *.freenode.net omarelgh1mry Hs :0 ghamry
--> silent event who
>> :*.freenode.net 352 omarelgh2mry #1 ~Thunderbi freenode-va4.lqk.8u5e94.IP *.freenode.net MAYRA1 Hs :0 MAYRA
--> silent event who
>> :*.freenode.net 352 omarelgh2mry #1 ~omarelgha freenode-59e.p57.hdhqau.IP *.freenode.net Guest11325 Hs :0 ghamry
--> silent event who
>> :*.freenode.net 315 omarelgh2mry #1 :End of /WHO list.
--> chanquery who end
<< MODE #1 b
>> :*.freenode.net 368 omarelgh2mry #1 :End of channel ban list
--> chanquery ban end
>> :omarelgh3mry!~omarelgha@freenode-59e.p57.hdhqau.IP JOIN :#1
<< PING *.freenode.net
>> :*.freenode.net PONG *.freenode.net :*.freenode.net
--> lag pong
>> :Jerald!~Thunderbi@freenode-nhi824.5trb.216c.7kr3on.IP JOIN :#1
<< PING *.freenode.net
>> :*.freenode.net PONG *.freenode.net :*.freenode.net
--> lag pong
<< NICK nino
>> :omarelgh2mry!~omarelgha@freenode-59e.p57.hdhqau.IP NICK :nino
>> :Jerald!~Thunderbi@freenode-nhi824.5trb.216c.7kr3on.IP QUIT :Connection closed
>> :omarelgh3mry!~omarelgha@freenode-59e.p57.hdhqau.IP NICK :kooki
<< PING *.freenode.net
>> :*.freenode.net PONG *.freenode.net :*.freenode.net
--> lag pong
<< KICK #1 kooki :
>> :*.freenode.net 482 nino #1 :You must be a channel half-operator
<< PING *.freenode.net
>> :*.freenode.net PONG *.freenode.net :*.freenode.net
--> lag pong
<< KICK #1 kooki :
>> :*.freenode.net 482 nino #1 :You must be a channel half-operator
>> :Jerald!~Thunderbi@freenode-nhi824.5trb.216c.7kr3on.IP JOIN :#1
<< JOIN #42
>> :nino!~omarelgha@freenode-59e.p57.hdhqau.IP JOIN :#42
>> :*.freenode.net 332 nino #42 :The answer to the universe and everything.
>> :*.freenode.net 333 nino #42 data!~starfleet@ncc-1701-e :1678305083
>> :*.freenode.net 353 nino @ #42 :@ChanServ nino
>> :*.freenode.net 366 nino #42 :End of /NAMES list.
<< MODE #42
>> :*.freenode.net 324 nino #42 :+Pnprstz
--> chanquery mode
<< WHO #42
>> :*.freenode.net 329 nino #42 :1632302874
--> event 329
>> :*.freenode.net 352 nino #42 services services.freenode.net *.freenode.net ChanServ H@B :0 Channel Registration Service
--> silent event who
>> :*.freenode.net 352 nino #42 ~omarelgha freenode-59e.p57.hdhqau.IP *.freenode.net nino Hs :0 ghamry
--> silent event who
>> :*.freenode.net 315 nino #42 :End of /WHO list.
--> chanquery who end
<< MODE #42 b
>> :*.freenode.net 368 nino #42 :End of channel ban list
--> chanquery ban end
<< PING *.freenode.net
>> :*.freenode.net PONG *.freenode.net :*.freenode.net
--> lag pong
>> :Jerald!~Thunderbi@freenode-nhi824.5trb.216c.7kr3on.IP QUIT :Connection closed
>> :kooki!~omarelgha@freenode-59e.p57.hdhqau.IP JOIN :#42
<< KICK #42 kooki :
>> :*.freenode.net 482 nino #42 :You must be a channel half-operator
<< JOIN #hiiii
>> :nino!~omarelgha@freenode-59e.p57.hdhqau.IP JOIN :#hiiii
>> :*.freenode.net 353 nino = #hiiii :@nino
>> :*.freenode.net 366 nino #hiiii :End of /NAMES list.
<< MODE #hiiii
>> :*.freenode.net 324 nino #hiiii :+nt
--> chanquery mode
<< WHO #hiiii
>> :*.freenode.net 329 nino #hiiii :1690485241
--> event 329
>> :*.freenode.net 352 nino #hiiii ~omarelgha freenode-59e.p57.hdhqau.IP *.freenode.net nino H@s :0 ghamry
--> silent event who
>> :*.freenode.net 315 nino #hiiii :End of /WHO list.
--> chanquery who end
<< MODE #hiiii b
>> :*.freenode.net 368 nino #hiiii :End of channel ban list
--> chanquery ban end
<< PING *.freenode.net
>> :*.freenode.net PONG *.freenode.net :*.freenode.net
--> lag pong
>> :Jerald!~Thunderbi@freenode-nhi824.5trb.216c.7kr3on.IP JOIN :#1
<< PING *.freenode.net
>> :*.freenode.net PONG *.freenode.net :*.freenode.net
--> lag pong
>> :Jerald!~Thunderbi@freenode-nhi824.5trb.216c.7kr3on.IP QUIT :Connection closed
>> :kooki!~omarelgha@freenode-59e.p57.hdhqau.IP JOIN :#hiiii
