<< CAP LS
<< NICK coding
<< USER coding coding irc.undernet.org :coding
>> NOTICE AUTH :*** Looking up your hostname
>> NOTICE AUTH :*** Checking Ident
>> NOTICE AUTH :*** No ident response
>> :dallas.tx.us.undernet.org 433 * coding :Nickname is already in use.
<< NICK coding_
>> PING :3687817382
<< PONG :3687817382
>> NOTICE AUTH :*** Couldn't look up your hostname
>> :dallas.tx.us.undernet.org 001 coding_ :Welcome to the UnderNet IRC Network, coding_
<< MODE coding_ +i
<< WHOIS coding
>> :dallas.tx.us.undernet.org 002 coding_ :Your host is dallas.tx.us.undernet.org, running version u2.10.12.19
>> :dallas.tx.us.undernet.org 003 coding_ :This server was created Wed Apr 17 2019 at 07:48:51 EDT
>> :dallas.tx.us.undernet.org 004 coding_ dallas.tx.us.undernet.org u2.10.12.19 diOoswkgx biklmnopstvrDdRcC bklov
>> :dallas.tx.us.undernet.org 005 coding_ WHOX WALLCHOPS WALLVOICES USERIP CPRIVMSG CNOTICE SILENCE=25 MODES=6 MAXCHANNELS=40 MAXBANS=100 NICKLEN=12 :are supported by this server
>> :dallas.tx.us.undernet.org 005 coding_ MAXNICKLEN=15 TOPICLEN=160 AWAYLEN=160 KICKLEN=160 CHANNELLEN=200 MAXCHANNELLEN=200 CHANTYPES=#& PREFIX=(ov)@+ STATUSMSG=@+ CHANMODES=b,k,l,imnpstrDdRcC CASEMAPPING=rfc1459 NETWORK=UnderNet :are supported by this server
>> :dallas.tx.us.undernet.org 251 coding_ :There are 4194 users and 12487 invisible on 37 servers
>> :dallas.tx.us.undernet.org 252 coding_ 55 :operator(s) online
>> :dallas.tx.us.undernet.org 253 coding_ 22 :unknown connection(s)
>> :dallas.tx.us.undernet.org 254 coding_ 5795 :channels formed
>> :dallas.tx.us.undernet.org 255 coding_ :I have 859 clients and 1 servers
>> :dallas.tx.us.undernet.org NOTICE coding_ :Highest connection count: 884 (883 clients)
>> :dallas.tx.us.undernet.org 375 coding_ :- dallas.tx.us.undernet.org Message of the Day - 
>> :dallas.tx.us.undernet.org 372 coding_ :- 2020-7-26 10:38
>> :dallas.tx.us.undernet.org 372 coding_ :- SPONSORED BY
>> :dallas.tx.us.undernet.org 372 coding_ :- 
>> :dallas.tx.us.undernet.org 372 coding_ :- 8888888b.   .d8888b. Y88b   d88P  .d8888b.  888    888 8888888888P
>> :dallas.tx.us.undernet.org 372 coding_ :- 888   Y88b d88P  Y88b Y88b d88P  d88P  Y88b 888    888       d88P
>> :dallas.tx.us.undernet.org 372 coding_ :- 888    888 Y88b.       Y88o88P   888    888 888    888      d88P
>> :dallas.tx.us.undernet.org 372 coding_ :- 888   d88P  "Y888b.     Y888P    888        8888888888     d88P
>> :dallas.tx.us.undernet.org 372 coding_ :- 8888888P"      "Y88b.    888     888        888    888    d88P
>> :dallas.tx.us.undernet.org 372 coding_ :- 888              "888    888     888    888 888    888   d88P
>> :dallas.tx.us.undernet.org 372 coding_ :- 888        Y88b  d88P    888     Y88b  d88P 888    888  d88P
>> :dallas.tx.us.undernet.org 372 coding_ :- 888         "Y8888P"     888      "Y8888P"  888    888 d8888888888
>> :dallas.tx.us.undernet.org 372 coding_ :-                           NETWORKS
>> :dallas.tx.us.undernet.org 372 coding_ :- 
>> :dallas.tx.us.undernet.org 372 coding_ :- Dedicated / Colocation Solutions / Private Cloud and MORE
>> :dallas.tx.us.undernet.org 372 coding_ :-               Website: https://www.psychz.net/
>> :dallas.tx.us.undernet.org 372 coding_ :- 
>> :dallas.tx.us.undernet.org 372 coding_ :- 
>> :dallas.tx.us.undernet.org 372 coding_ :- The use of this server & network is a privilege,not a right.
>> :dallas.tx.us.undernet.org 372 coding_ :- The network operators may deny network access to anyone,
>> :dallas.tx.us.undernet.org 372 coding_ :- for any reason,at their sole discretion.
>> :dallas.tx.us.undernet.org 372 coding_ :- 
>> :dallas.tx.us.undernet.org 372 coding_ :- -= Welcome to dallas.tx.us.undernet.org =-
>> :dallas.tx.us.undernet.org 372 coding_ :- 
>> :dallas.tx.us.undernet.org 372 coding_ :- ########### Network Info ##############
>> :dallas.tx.us.undernet.org 372 coding_ :-             WEBSITES
>> :dallas.tx.us.undernet.org 372 coding_ :- o Official Website: http://www.undernet.org
>> :dallas.tx.us.undernet.org 372 coding_ :- o Users Committee: http://www.user-com.undernet.org/
>> :dallas.tx.us.undernet.org 372 coding_ :- o Channel Services: http://cservice.undernet.org
>> :dallas.tx.us.undernet.org 372 coding_ :- 
>> :dallas.tx.us.undernet.org 372 coding_ :- 
>> :dallas.tx.us.undernet.org 372 coding_ :- ########## Useful Channels ############
>> :dallas.tx.us.undernet.org 372 coding_ :- 
>> :dallas.tx.us.undernet.org 372 coding_ :-      #Psychz : Our sponsor channel.
>> :dallas.tx.us.undernet.org 372 coding_ :-      #CService : Official X Help Channel
>> :dallas.tx.us.undernet.org 372 coding_ :-      #Userguide : For General IRC Questions
>> :dallas.tx.us.undernet.org 372 coding_ :-      #Usernames : Usernames Help Channel
>> :dallas.tx.us.undernet.org 372 coding_ :-      #Help : General IRC Questions / IRC Operator Assistance
>> :dallas.tx.us.undernet.org 372 coding_ :-      #Undernet : User-Com Chat Channel
>> :dallas.tx.us.undernet.org 372 coding_ :-      #ircayuda : Spanish help channel
>> :dallas.tx.us.undernet.org 372 coding_ :- 
>> :dallas.tx.us.undernet.org 372 coding_ :-      For Information regarding G-Lines / K-lines email abuse@undernet.org
>> :dallas.tx.us.undernet.org 372 coding_ :- 
>> :dallas.tx.us.undernet.org 372 coding_ :- ############ Server Guidelines ###########
>> :dallas.tx.us.undernet.org 372 coding_ :- 
>> :dallas.tx.us.undernet.org 372 coding_ :- o No flooding channels, users, staff members, or spamming.
>> :dallas.tx.us.undernet.org 372 coding_ :- o No distribution of copyrighted material or pornography.
>> :dallas.tx.us.undernet.org 372 coding_ :- o No clones.
>> :dallas.tx.us.undernet.org 372 coding_ :- o No channel takeovers.
>> :dallas.tx.us.undernet.org 372 coding_ :- o No attempts to disrupt network services.
>> :dallas.tx.us.undernet.org 372 coding_ :- o No spamming and/or advertising.
>> :dallas.tx.us.undernet.org 372 coding_ :- o No advertising other IRC networks
>> :dallas.tx.us.undernet.org 372 coding_ :- 
>> :dallas.tx.us.undernet.org 376 coding_ :End of /MOTD command.
>> :dallas.tx.us.undernet.org NOTICE coding_ :on 2 ca 1(4) ft 10(10)
>> :coding_!~coding@5.195.225.158 MODE coding_ :+i
>> :dallas.tx.us.undernet.org 311 coding_ coding ~coding 5.195.225.158 * :coding
--> nickfind event whois
>> :dallas.tx.us.undernet.org 319 coding_ coding :@#heyy 
--> event empty
>> :dallas.tx.us.undernet.org 312 coding_ coding *.undernet.org :The Undernet Underworld
--> event empty
>> :dallas.tx.us.undernet.org 318 coding_ coding :End of /WHOIS list.
--> event empty
<< PING dallas.tx.us.undernet.org
>> :dallas.tx.us.undernet.org PONG dallas.tx.us.undernet.org :dallas.tx.us.undernet.org
--> lag pong
<< PING dallas.tx.us.undernet.org
>> :dallas.tx.us.undernet.org PONG dallas.tx.us.undernet.org :dallas.tx.us.undernet.org
--> lag pong
<< JOIN #heyy
>> :coding_!~coding@5.195.225.158 JOIN #heyy
>> :dallas.tx.us.undernet.org 353 coding_ = #heyy :coding_ @coding
>> :dallas.tx.us.undernet.org 366 coding_ #heyy :End of /NAMES list.
<< MODE #heyy
>> :dallas.tx.us.undernet.org 324 coding_ #heyy + 
--> chanquery mode
<< WHO #heyy
>> :dallas.tx.us.undernet.org 329 coding_ #heyy 1690487353
--> event 329
>> :dallas.tx.us.undernet.org 352 coding_ #heyy ~coding 5.195.225.158 *.undernet.org coding_ H :0 coding
--> silent event who
>> :dallas.tx.us.undernet.org 352 coding_ #heyy ~coding 5.195.225.158 *.undernet.org coding H@ :3 coding
--> silent event who
>> :dallas.tx.us.undernet.org 315 coding_ #heyy :End of /WHO list.
--> chanquery who end
<< MODE #heyy b
>> :dallas.tx.us.undernet.org 368 coding_ #heyy :End of Channel Ban List
--> chanquery ban end
<< PRIVMSG #heyy :bruh
>> :coding!~coding@5.195.225.158 PRIVMSG #heyy :kick coding_
>> :coding!~coding@5.195.225.158 KICK #heyy coding_ :coding
